# JRE version: OpenJDK Runtime Environment Temurin-17.0.19+10 (17.0.19+10) (build 17.0.19+10)
# Java VM: OpenJDK 64-Bit Server VM Temurin-17.0.19+10 (17.0.19+10, mixed mode, sharing, tiered, compressed oops, compressed class ptrs, g1 gc, windows-amd64)
GC Precious Log:
 CPUs: 4 total, 4 available
 Memory: 3738M
 Large Page Support: Disabled
 NUMA Support: Disabled
 Compressed Oops: Enabled (Zero based)
 Heap Region Size: 2M
 Heap Min Capacity: 8M
 Heap Initial Capacity: 60M
 Heap Max Capacity: 3G
 Pre-touch: Disabled
 Parallel Workers: 4
 Concurrent Workers: 1
 Concurrent Refinement Workers: 4
 Periodic GC: Disabled
Heap:
 garbage-first heap   total 215040K, used 124272K [0x0000000740000000, 0x0000000800000000)
  region size 2048K, 3 young (6144K), 3 survivors (6144K)
 Metaspace       used 95754K, committed 96448K, reserved 557056K
  class space    used 13023K, committed 13376K, reserved 425984K
GC Heap History (20 events):
Event: 60.390 GC heap after
{Heap after GC invocations=38 (full 0):
 garbage-first heap   total 159744K, used 73844K [0x0000000740000000, 0x0000000800000000)
  region size 2048K, 1 young (2048K), 1 survivors (2048K)
 Metaspace       used 65203K, committed 65728K, reserved 491520K
  class space    used 9480K, committed 9728K, reserved 425984K
}
Event: 61.380 GC heap before
{Heap before GC invocations=38 (full 0):
 garbage-first heap   total 159744K, used 122996K [0x0000000740000000, 0x0000000800000000)
  region size 2048K, 26 young (53248K), 1 survivors (2048K)
 Metaspace       used 69300K, committed 69824K, reserved 491520K
  class space    used 9998K, committed 10240K, reserved 425984K
}
Event: 61.386 GC heap after
{Heap after GC invocations=39 (full 0):
 garbage-first heap   total 159744K, used 77059K [0x0000000740000000, 0x0000000800000000)
  region size 2048K, 2 young (4096K), 2 survivors (4096K)
 Metaspace       used 69300K, committed 69824K, reserved 491520K
  class space    used 9998K, committed 10240K, reserved 425984K
}
Event: 67.214 GC heap before
{Heap before GC invocations=40 (full 0):
 garbage-first heap   total 159744K, used 126211K [0x0000000740000000, 0x0000000800000000)
  region size 2048K, 27 young (55296K), 2 survivors (4096K)
 Metaspace       used 74464K, committed 75072K, reserved 491520K
  class space    used 10622K, committed 10944K, reserved 425984K
}
Event: 67.221 GC heap after
{Heap after GC invocations=41 (full 0):
 garbage-first heap   total 159744K, used 78780K [0x0000000740000000, 0x0000000800000000)
  region size 2048K, 3 young (6144K), 3 survivors (6144K)
 Metaspace       used 74464K, committed 75072K, reserved 491520K
  class space    used 10622K, committed 10944K, reserved 425984K
}
Event: 67.938 GC heap before
{Heap before GC invocations=41 (full 0):
 garbage-first heap   total 159744K, used 105404K [0x0000000740000000, 0x0000000800000000)
  region size 2048K, 18 young (36864K), 3 survivors (6144K)
 Metaspace       used 78796K, committed 79424K, reserved 557056K
  class space    used 11191K, committed 11520K, reserved 425984K
}
Event: 67.950 GC heap after
{Heap after GC invocations=42 (full 0):
 garbage-first heap   total 159744K, used 79345K [0x0000000740000000, 0x0000000800000000)
  region size 2048K, 2 young (4096K), 2 survivors (4096K)
 Metaspace       used 78796K, committed 79424K, reserved 557056K
  class space    used 11191K, committed 11520K, reserved 425984K
}
Event: 72.204 GC heap before
{Heap before GC invocations=43 (full 0):
 garbage-first heap   total 159744K, used 134641K [0x0000000740000000, 0x0000000800000000)
  region size 2048K, 27 young (55296K), 2 survivors (4096K)
 Metaspace       used 79081K, committed 79744K, reserved 557056K
  class space    used 11199K, committed 11520K, reserved 425984K
}
Event: 72.231 GC heap after
{Heap after GC invocations=44 (full 0):
 garbage-first heap   total 159744K, used 93782K [0x0000000740000000, 0x0000000800000000)
  region size 2048K, 4 young (8192K), 4 survivors (8192K)
 Metaspace       used 79081K, committed 79744K, reserved 557056K
  class space    used 11199K, committed 11520K, reserved 425984K
}
Event: 72.429 GC heap before
{Heap before GC invocations=44 (full 0):
 garbage-first heap   total 159744K, used 126550K [0x0000000740000000, 0x0000000800000000)
  region size 2048K, 20 young (40960K), 4 survivors (8192K)
 Metaspace       used 79083K, committed 79744K, reserved 557056K
  class space    used 11199K, committed 11520K, reserved 425984K
}
Event: 72.451 GC heap after
{Heap after GC invocations=45 (full 0):
 garbage-first heap   total 159744K, used 104164K [0x0000000740000000, 0x0000000800000000)
  region size 2048K, 3 young (6144K), 3 survivors (6144K)
 Metaspace       used 79083K, committed 79744K, reserved 557056K
  class space    used 11199K, committed 11520K, reserved 425984K
}
Event: 72.771 GC heap before
{Heap before GC invocations=46 (full 0):
 garbage-first heap   total 192512K, used 126692K [0x0000000740000000, 0x0000000800000000)
  region size 2048K, 14 young (28672K), 3 survivors (6144K)
 Metaspace       used 80464K, committed 81152K, reserved 557056K
  class space    used 11383K, committed 11712K, reserved 425984K
}
Event: 72.783 GC heap after
{Heap after GC invocations=47 (full 0):
 garbage-first heap   total 192512K, used 107705K [0x0000000740000000, 0x0000000800000000)
  region size 2048K, 2 young (4096K), 2 survivors (4096K)
 Metaspace       used 80464K, committed 81152K, reserved 557056K
  class space    used 11383K, committed 11712K, reserved 425984K
}
Event: 73.981 GC heap before
{Heap before GC invocations=47 (full 0):
 garbage-first heap   total 192512K, used 126137K [0x0000000740000000, 0x0000000800000000)
  region size 2048K, 12 young (24576K), 2 survivors (4096K)
 Metaspace       used 83058K, committed 83776K, reserved 557056K
  class space    used 11663K, committed 12032K, reserved 425984K
}
Event: 73.987 GC heap after
{Heap after GC invocations=48 (full 0):
 garbage-first heap   total 192512K, used 108489K [0x0000000740000000, 0x0000000800000000)
  region size 2048K, 2 young (4096K), 2 survivors (4096K)
 Metaspace       used 83058K, committed 83776K, reserved 557056K
  class space    used 11663K, committed 12032K, reserved 425984K
}
Event: 74.751 GC heap before
{Heap before GC invocations=49 (full 0):
 garbage-first heap   total 202752K, used 155593K [0x0000000740000000, 0x0000000800000000)
  region size 2048K, 22 young (45056K), 2 survivors (4096K)
 Metaspace       used 85873K, committed 86592K, reserved 557056K
  class space    used 11941K, committed 12288K, reserved 425984K
}
Event: 74.762 GC heap after
{Heap after GC invocations=50 (full 0):
 garbage-first heap   total 202752K, used 119741K [0x0000000740000000, 0x0000000800000000)
  region size 2048K, 3 young (6144K), 3 survivors (6144K)
 Metaspace       used 85873K, committed 86592K, reserved 557056K
  class space    used 11941K, committed 12288K, reserved 425984K
}
Event: 75.997 GC heap before
{Heap before GC invocations=50 (full 0):
 garbage-first heap   total 202752K, used 160701K [0x0000000740000000, 0x0000000800000000)
  region size 2048K, 23 young (47104K), 3 survivors (6144K)
 Metaspace       used 90835K, committed 91520K, reserved 557056K
  class space    used 12390K, committed 12736K, reserved 425984K
}
Event: 76.011 GC heap after
{Heap after GC invocations=51 (full 0):
 garbage-first heap   total 202752K, used 122081K [0x0000000740000000, 0x0000000800000000)
  region size 2048K, 2 young (4096K), 2 survivors (4096K)
 Metaspace       used 90835K, committed 91520K, reserved 557056K
  class space    used 12390K, committed 12736K, reserved 425984K
}
Event: 81.420 GC heap before
{Heap before GC invocations=52 (full 0):
 garbage-first heap   total 215040K, used 163041K [0x0000000740000000, 0x0000000800000000)
  region size 2048K, 22 young (45056K), 2 survivors (4096K)
 Metaspace       used 95754K, committed 96448K, reserved 557056K
  class space    used 13023K, committed 13376K, reserved 425984K
}

