# JRE version: OpenJDK Runtime Environment Temurin-17.0.19+10 (17.0.19+10) (build 17.0.19+10)
# Java VM: OpenJDK 64-Bit Server VM Temurin-17.0.19+10 (17.0.19+10, mixed mode, sharing, tiered, compressed oops, compressed class ptrs, g1 gc, windows-amd64)
GC Precious Log:
 CPUs: 4 total, 4 available
 Memory: 3738M
 Large Page Support: Disabled
 NUMA Support: Disabled
 Compressed Oops: Enabled (32-bit)
 Heap Region Size: 1M
 Heap Min Capacity: 8M
 Heap Initial Capacity: 60M
 Heap Max Capacity: 768M
 Pre-touch: Disabled
 Parallel Workers: 4
 Concurrent Workers: 1
 Concurrent Refinement Workers: 4
 Periodic GC: Disabled
Heap:
 garbage-first heap   total 376832K, used 171585K [0x00000000d0000000, 0x0000000100000000)
  region size 1024K, 40 young (40960K), 6 survivors (6144K)
 Metaspace       used 108577K, committed 109248K, reserved 344064K
  class space    used 14348K, committed 14656K, reserved 212992K
GC Heap History (20 events):
Event: 15.981 GC heap before
{Heap before GC invocations=52 (full 0):
 garbage-first heap   total 196608K, used 133120K [0x00000000d0000000, 0x0000000100000000)
  region size 1024K, 33 young (33792K), 4 survivors (4096K)
 Metaspace       used 81484K, committed 82112K, reserved 344064K
  class space    used 11462K, committed 11776K, reserved 212992K
}
Event: 15.987 GC heap after
{Heap after GC invocations=53 (full 0):
 garbage-first heap   total 196608K, used 106833K [0x00000000d0000000, 0x0000000100000000)
  region size 1024K, 2 young (2048K), 2 survivors (2048K)
 Metaspace       used 81484K, committed 82112K, reserved 344064K
  class space    used 11462K, committed 11776K, reserved 212992K
}
Event: 16.516 GC heap before
{Heap before GC invocations=54 (full 0):
 garbage-first heap   total 211968K, used 158033K [0x00000000d0000000, 0x0000000100000000)
  region size 1024K, 45 young (46080K), 2 survivors (2048K)
 Metaspace       used 84784K, committed 85376K, reserved 344064K
  class space    used 11783K, committed 12096K, reserved 212992K
}
Event: 16.523 GC heap after
{Heap after GC invocations=55 (full 0):
 garbage-first heap   total 211968K, used 118062K [0x00000000d0000000, 0x0000000100000000)
  region size 1024K, 6 young (6144K), 6 survivors (6144K)
 Metaspace       used 84784K, committed 85376K, reserved 344064K
  class space    used 11783K, committed 12096K, reserved 212992K
}
Event: 16.573 GC heap before
{Heap before GC invocations=55 (full 0):
 garbage-first heap   total 211968K, used 121134K [0x00000000d0000000, 0x0000000100000000)
  region size 1024K, 10 young (10240K), 6 survivors (6144K)
 Metaspace       used 85250K, committed 85888K, reserved 344064K
  class space    used 11818K, committed 12160K, reserved 212992K
}
Event: 16.581 GC heap after
{Heap after GC invocations=56 (full 0):
 garbage-first heap   total 211968K, used 118033K [0x00000000d0000000, 0x0000000100000000)
  region size 1024K, 1 young (1024K), 1 survivors (1024K)
 Metaspace       used 85250K, committed 85888K, reserved 344064K
  class space    used 11818K, committed 12160K, reserved 212992K
}
Event: 17.425 GC heap before
{Heap before GC invocations=56 (full 0):
 garbage-first heap   total 211968K, used 165137K [0x00000000d0000000, 0x0000000100000000)
  region size 1024K, 47 young (48128K), 1 survivors (1024K)
 Metaspace       used 90828K, committed 91520K, reserved 344064K
  class space    used 12388K, committed 12736K, reserved 212992K
}
Event: 17.430 GC heap after
{Heap after GC invocations=57 (full 0):
 garbage-first heap   total 211968K, used 120154K [0x00000000d0000000, 0x0000000100000000)
  region size 1024K, 3 young (3072K), 3 survivors (3072K)
 Metaspace       used 90828K, committed 91520K, reserved 344064K
  class space    used 12388K, committed 12736K, reserved 212992K
}
Event: 18.140 GC heap before
{Heap before GC invocations=58 (full 0):
 garbage-first heap   total 217088K, used 171354K [0x00000000d0000000, 0x0000000100000000)
  region size 1024K, 52 young (53248K), 3 survivors (3072K)
 Metaspace       used 95473K, committed 96064K, reserved 344064K
  class space    used 12956K, committed 13248K, reserved 212992K
}
Event: 18.149 GC heap after
{Heap after GC invocations=59 (full 0):
 garbage-first heap   total 217088K, used 126065K [0x00000000d0000000, 0x0000000100000000)
  region size 1024K, 7 young (7168K), 7 survivors (7168K)
 Metaspace       used 95473K, committed 96064K, reserved 344064K
  class space    used 12956K, committed 13248K, reserved 212992K
}
Event: 18.157 GC heap before
{Heap before GC invocations=59 (full 0):
 garbage-first heap   total 217088K, used 129137K [0x00000000d0000000, 0x0000000100000000)
  region size 1024K, 10 young (10240K), 7 survivors (7168K)
 Metaspace       used 95479K, committed 96064K, reserved 344064K
  class space    used 12956K, committed 13248K, reserved 212992K
}
Event: 18.165 GC heap after
{Heap after GC invocations=60 (full 0):
 garbage-first heap   total 217088K, used 127023K [0x00000000d0000000, 0x0000000100000000)
  region size 1024K, 2 young (2048K), 2 survivors (2048K)
 Metaspace       used 95479K, committed 96064K, reserved 344064K
  class space    used 12956K, committed 13248K, reserved 212992K
}
Event: 19.676 GC heap before
{Heap before GC invocations=60 (full 0):
 garbage-first heap   total 217088K, used 174127K [0x00000000d0000000, 0x0000000100000000)
  region size 1024K, 48 young (49152K), 2 survivors (2048K)
 Metaspace       used 97808K, committed 98432K, reserved 344064K
  class space    used 13211K, committed 13504K, reserved 212992K
}
Event: 19.686 GC heap after
{Heap after GC invocations=61 (full 0):
 garbage-first heap   total 217088K, used 129911K [0x00000000d0000000, 0x0000000100000000)
  region size 1024K, 5 young (5120K), 5 survivors (5120K)
 Metaspace       used 97808K, committed 98432K, reserved 344064K
  class space    used 13211K, committed 13504K, reserved 212992K
}
Event: 68.475 GC heap before
{Heap before GC invocations=62 (full 0):
 garbage-first heap   total 219136K, used 175991K [0x00000000d0000000, 0x0000000100000000)
  region size 1024K, 51 young (52224K), 5 survivors (5120K)
 Metaspace       used 99461K, committed 100096K, reserved 344064K
  class space    used 13391K, committed 13696K, reserved 212992K
}
Event: 68.621 GC heap after
{Heap after GC invocations=63 (full 0):
 garbage-first heap   total 219136K, used 133039K [0x00000000d0000000, 0x0000000100000000)
  region size 1024K, 4 young (4096K), 4 survivors (4096K)
 Metaspace       used 99461K, committed 100096K, reserved 344064K
  class space    used 13391K, committed 13696K, reserved 212992K
}
Event: 69.687 GC heap before
{Heap before GC invocations=63 (full 0):
 garbage-first heap   total 219136K, used 139183K [0x00000000d0000000, 0x0000000100000000)
  region size 1024K, 10 young (10240K), 4 survivors (4096K)
 Metaspace       used 100114K, committed 100800K, reserved 344064K
  class space    used 13453K, committed 13760K, reserved 212992K
}
Event: 69.763 GC heap after
{Heap after GC invocations=64 (full 0):
 garbage-first heap   total 219136K, used 133532K [0x00000000d0000000, 0x0000000100000000)
  region size 1024K, 1 young (1024K), 1 survivors (1024K)
 Metaspace       used 100114K, committed 100800K, reserved 344064K
  class space    used 13453K, committed 13760K, reserved 212992K
}
Event: 73.622 GC heap before
{Heap before GC invocations=64 (full 0):
 garbage-first heap   total 219136K, used 180636K [0x00000000d0000000, 0x0000000100000000)
  region size 1024K, 47 young (48128K), 1 survivors (1024K)
 Metaspace       used 104608K, committed 105216K, reserved 344064K
  class space    used 13841K, committed 14144K, reserved 212992K
}
Event: 73.655 GC heap after
{Heap after GC invocations=65 (full 0):
 garbage-first heap   total 376832K, used 137793K [0x00000000d0000000, 0x0000000100000000)
  region size 1024K, 6 young (6144K), 6 survivors (6144K)
 Metaspace       used 104608K, committed 105216K, reserved 344064K
  class space    used 13841K, committed 14144K, reserved 212992K
}

